[08-Oct-2020 04:51:58 UTC] PHP Warning:  symlink(): File exists in /home/ninjainfosyscom/public_html/idokanchanpur/symlic.php on line 2
[08-Feb-2021 07:52:02 UTC] PHP Parse error:  syntax error, unexpected ':', expecting '{' in /home/adomugugov/public_html/website/system/vendor/symfony/polyfill-php80/bootstrap.php on line 23
[08-Feb-2021 07:54:44 UTC] PHP Warning:  symlink(): No such file or directory in /home/adomugugov/public_html/website/symlic.php on line 2
[12-Mar-2021 11:03:23 UTC] PHP Parse error:  syntax error, unexpected ':', expecting '{' in /home/adorukumgov/public_html/system/vendor/symfony/polyfill-php80/bootstrap.php on line 23
[12-Mar-2021 11:07:17 UTC] PHP Parse error:  syntax error, unexpected ':', expecting '{' in /home/adorukumgov/public_html/system/vendor/symfony/polyfill-php80/bootstrap.php on line 23
[12-Mar-2021 11:08:28 UTC] PHP Warning:  symlink(): No such file or directory in /home/adorukumgov/public_html/symlic.php on line 2
[12-Mar-2021 11:09:49 UTC] PHP Warning:  symlink(): No such file or directory in /home/adorukumgov/public_html/symlic.php on line 2
[12-Mar-2021 11:09:55 UTC] PHP Parse error:  syntax error, unexpected ':', expecting '{' in /home/adorukumgov/public_html/system/vendor/symfony/polyfill-php80/bootstrap.php on line 23
[12-Mar-2021 14:00:11 UTC] PHP Parse error:  syntax error, unexpected ':', expecting '{' in /home/adorukumgov/public_html/system/vendor/symfony/polyfill-php80/bootstrap.php on line 23
[12-Mar-2021 15:23:16 UTC] PHP Parse error:  syntax error, unexpected ':', expecting '{' in /home/adorukumgov/public_html/system/vendor/symfony/polyfill-php80/bootstrap.php on line 23
[12-Mar-2021 16:13:21 UTC] PHP Parse error:  syntax error, unexpected ':', expecting '{' in /home/adorukumgov/public_html/system/vendor/symfony/polyfill-php80/bootstrap.php on line 23
[12-Mar-2021 19:58:49 UTC] PHP Parse error:  syntax error, unexpected ':', expecting '{' in /home/adorukumgov/public_html/system/vendor/symfony/polyfill-php80/bootstrap.php on line 23
[12-Mar-2021 20:13:44 UTC] PHP Parse error:  syntax error, unexpected ':', expecting '{' in /home/adorukumgov/public_html/system/vendor/symfony/polyfill-php80/bootstrap.php on line 23
[12-Mar-2021 20:52:56 UTC] PHP Parse error:  syntax error, unexpected ':', expecting '{' in /home/adorukumgov/public_html/system/vendor/symfony/polyfill-php80/bootstrap.php on line 23
[12-Mar-2021 20:56:56 UTC] PHP Parse error:  syntax error, unexpected ':', expecting '{' in /home/adorukumgov/public_html/system/vendor/symfony/polyfill-php80/bootstrap.php on line 23
[12-Mar-2021 20:58:09 UTC] PHP Parse error:  syntax error, unexpected ':', expecting '{' in /home/adorukumgov/public_html/system/vendor/symfony/polyfill-php80/bootstrap.php on line 23
[12-Mar-2021 21:49:34 UTC] PHP Parse error:  syntax error, unexpected ':', expecting '{' in /home/adorukumgov/public_html/system/vendor/symfony/polyfill-php80/bootstrap.php on line 23
[12-Mar-2021 21:54:26 UTC] PHP Parse error:  syntax error, unexpected ':', expecting '{' in /home/adorukumgov/public_html/system/vendor/symfony/polyfill-php80/bootstrap.php on line 23
[13-Mar-2021 02:06:42 UTC] PHP Parse error:  syntax error, unexpected ':', expecting '{' in /home/adorukumgov/public_html/system/vendor/symfony/polyfill-php80/bootstrap.php on line 23
[13-Mar-2021 03:58:27 UTC] PHP Parse error:  syntax error, unexpected ':', expecting '{' in /home/adorukumgov/public_html/system/vendor/symfony/polyfill-php80/bootstrap.php on line 23
[13-Mar-2021 04:50:37 UTC] PHP Parse error:  syntax error, unexpected ':', expecting '{' in /home/adorukumgov/public_html/system/vendor/symfony/polyfill-php80/bootstrap.php on line 23
[13-Mar-2021 05:54:40 UTC] PHP Parse error:  syntax error, unexpected ':', expecting '{' in /home/adorukumgov/public_html/system/vendor/symfony/polyfill-php80/bootstrap.php on line 23
[13-Mar-2021 07:24:06 UTC] PHP Parse error:  syntax error, unexpected ':', expecting '{' in /home/adorukumgov/public_html/system/vendor/symfony/polyfill-php80/bootstrap.php on line 23
[13-Mar-2021 07:27:05 UTC] PHP Parse error:  syntax error, unexpected ':', expecting '{' in /home/adorukumgov/public_html/system/vendor/symfony/polyfill-php80/bootstrap.php on line 23
[13-Mar-2021 07:48:29 UTC] PHP Parse error:  syntax error, unexpected ':', expecting '{' in /home/adorukumgov/public_html/system/vendor/symfony/polyfill-php80/bootstrap.php on line 23
[13-Mar-2021 08:14:58 UTC] PHP Parse error:  syntax error, unexpected ':', expecting '{' in /home/adorukumgov/public_html/system/vendor/symfony/polyfill-php80/bootstrap.php on line 23
[13-Mar-2021 09:47:45 UTC] PHP Parse error:  syntax error, unexpected ':', expecting '{' in /home/adorukumgov/public_html/system/vendor/symfony/polyfill-php80/bootstrap.php on line 23
[13-Mar-2021 11:21:56 UTC] PHP Parse error:  syntax error, unexpected ':', expecting '{' in /home/adorukumgov/public_html/system/vendor/symfony/polyfill-php80/bootstrap.php on line 23
[13-Mar-2021 11:21:57 UTC] PHP Parse error:  syntax error, unexpected ':', expecting '{' in /home/adorukumgov/public_html/system/vendor/symfony/polyfill-php80/bootstrap.php on line 23
[13-Mar-2021 14:39:09 UTC] PHP Parse error:  syntax error, unexpected ':', expecting '{' in /home/adorukumgov/public_html/system/vendor/symfony/polyfill-php80/bootstrap.php on line 23
[13-Mar-2021 14:39:59 UTC] PHP Parse error:  syntax error, unexpected ':', expecting '{' in /home/adorukumgov/public_html/system/vendor/symfony/polyfill-php80/bootstrap.php on line 23
[13-Mar-2021 14:42:53 UTC] PHP Parse error:  syntax error, unexpected ':', expecting '{' in /home/adorukumgov/public_html/system/vendor/symfony/polyfill-php80/bootstrap.php on line 23
[13-Mar-2021 14:42:59 UTC] PHP Parse error:  syntax error, unexpected ':', expecting '{' in /home/adorukumgov/public_html/system/vendor/symfony/polyfill-php80/bootstrap.php on line 23
[13-Mar-2021 14:43:10 UTC] PHP Parse error:  syntax error, unexpected ':', expecting '{' in /home/adorukumgov/public_html/system/vendor/symfony/polyfill-php80/bootstrap.php on line 23
[13-Mar-2021 14:49:07 UTC] PHP Parse error:  syntax error, unexpected ':', expecting '{' in /home/adorukumgov/public_html/system/vendor/symfony/polyfill-php80/bootstrap.php on line 23
[13-Mar-2021 15:03:30 UTC] PHP Parse error:  syntax error, unexpected ':', expecting '{' in /home/adorukumgov/public_html/system/vendor/symfony/polyfill-php80/bootstrap.php on line 23
[13-Mar-2021 15:07:25 UTC] PHP Parse error:  syntax error, unexpected ':', expecting '{' in /home/adorukumgov/public_html/system/vendor/symfony/polyfill-php80/bootstrap.php on line 23
[13-Mar-2021 15:11:21 UTC] PHP Parse error:  syntax error, unexpected ':', expecting '{' in /home/adorukumgov/public_html/system/vendor/symfony/polyfill-php80/bootstrap.php on line 23
[13-Mar-2021 15:17:41 UTC] PHP Parse error:  syntax error, unexpected ':', expecting '{' in /home/adorukumgov/public_html/system/vendor/symfony/polyfill-php80/bootstrap.php on line 23
[13-Mar-2021 15:20:59 UTC] PHP Parse error:  syntax error, unexpected ':', expecting '{' in /home/adorukumgov/public_html/system/vendor/symfony/polyfill-php80/bootstrap.php on line 23
[13-Mar-2021 15:26:12 UTC] PHP Parse error:  syntax error, unexpected ':', expecting '{' in /home/adorukumgov/public_html/system/vendor/symfony/polyfill-php80/bootstrap.php on line 23
[13-Mar-2021 15:26:21 UTC] PHP Parse error:  syntax error, unexpected ':', expecting '{' in /home/adorukumgov/public_html/system/vendor/symfony/polyfill-php80/bootstrap.php on line 23
[13-Mar-2021 16:04:08 UTC] PHP Parse error:  syntax error, unexpected ':', expecting '{' in /home/adorukumgov/public_html/system/vendor/symfony/polyfill-php80/bootstrap.php on line 23
[13-Mar-2021 16:41:48 UTC] PHP Parse error:  syntax error, unexpected ':', expecting '{' in /home/adorukumgov/public_html/system/vendor/symfony/polyfill-php80/bootstrap.php on line 23
[13-Mar-2021 17:04:00 UTC] PHP Parse error:  syntax error, unexpected ':', expecting '{' in /home/adorukumgov/public_html/system/vendor/symfony/polyfill-php80/bootstrap.php on line 23
[13-Mar-2021 17:44:33 UTC] PHP Parse error:  syntax error, unexpected ':', expecting '{' in /home/adorukumgov/public_html/system/vendor/symfony/polyfill-php80/bootstrap.php on line 23
[13-Mar-2021 17:45:08 UTC] PHP Parse error:  syntax error, unexpected ':', expecting '{' in /home/adorukumgov/public_html/system/vendor/symfony/polyfill-php80/bootstrap.php on line 23
[13-Mar-2021 18:12:50 UTC] PHP Parse error:  syntax error, unexpected ':', expecting '{' in /home/adorukumgov/public_html/system/vendor/symfony/polyfill-php80/bootstrap.php on line 23
[13-Mar-2021 19:24:05 UTC] PHP Parse error:  syntax error, unexpected ':', expecting '{' in /home/adorukumgov/public_html/system/vendor/symfony/polyfill-php80/bootstrap.php on line 23
[13-Mar-2021 19:30:24 UTC] PHP Parse error:  syntax error, unexpected ':', expecting '{' in /home/adorukumgov/public_html/system/vendor/symfony/polyfill-php80/bootstrap.php on line 23
[13-Mar-2021 20:08:02 UTC] PHP Parse error:  syntax error, unexpected ':', expecting '{' in /home/adorukumgov/public_html/system/vendor/symfony/polyfill-php80/bootstrap.php on line 23
[13-Mar-2021 20:08:16 UTC] PHP Parse error:  syntax error, unexpected ':', expecting '{' in /home/adorukumgov/public_html/system/vendor/symfony/polyfill-php80/bootstrap.php on line 23
[13-Mar-2021 20:08:39 UTC] PHP Parse error:  syntax error, unexpected ':', expecting '{' in /home/adorukumgov/public_html/system/vendor/symfony/polyfill-php80/bootstrap.php on line 23
[13-Mar-2021 20:08:50 UTC] PHP Parse error:  syntax error, unexpected ':', expecting '{' in /home/adorukumgov/public_html/system/vendor/symfony/polyfill-php80/bootstrap.php on line 23
[13-Mar-2021 20:08:51 UTC] PHP Parse error:  syntax error, unexpected ':', expecting '{' in /home/adorukumgov/public_html/system/vendor/symfony/polyfill-php80/bootstrap.php on line 23
[13-Mar-2021 20:08:53 UTC] PHP Parse error:  syntax error, unexpected ':', expecting '{' in /home/adorukumgov/public_html/system/vendor/symfony/polyfill-php80/bootstrap.php on line 23
[13-Mar-2021 20:09:04 UTC] PHP Parse error:  syntax error, unexpected ':', expecting '{' in /home/adorukumgov/public_html/system/vendor/symfony/polyfill-php80/bootstrap.php on line 23
[13-Mar-2021 20:09:11 UTC] PHP Parse error:  syntax error, unexpected ':', expecting '{' in /home/adorukumgov/public_html/system/vendor/symfony/polyfill-php80/bootstrap.php on line 23
[14-Mar-2021 01:01:16 UTC] PHP Parse error:  syntax error, unexpected ':', expecting '{' in /home/adorukumgov/public_html/system/vendor/symfony/polyfill-php80/bootstrap.php on line 23
[14-Mar-2021 01:18:37 UTC] PHP Parse error:  syntax error, unexpected ':', expecting '{' in /home/adorukumgov/public_html/system/vendor/symfony/polyfill-php80/bootstrap.php on line 23
[14-Mar-2021 01:55:50 UTC] PHP Parse error:  syntax error, unexpected ':', expecting '{' in /home/adorukumgov/public_html/system/vendor/symfony/polyfill-php80/bootstrap.php on line 23
[14-Mar-2021 03:40:32 UTC] PHP Parse error:  syntax error, unexpected ':', expecting '{' in /home/adorukumgov/public_html/system/vendor/symfony/polyfill-php80/bootstrap.php on line 23
[14-Mar-2021 03:40:32 UTC] PHP Parse error:  syntax error, unexpected ':', expecting '{' in /home/adorukumgov/public_html/system/vendor/symfony/polyfill-php80/bootstrap.php on line 23
[14-Mar-2021 03:40:34 UTC] PHP Parse error:  syntax error, unexpected ':', expecting '{' in /home/adorukumgov/public_html/system/vendor/symfony/polyfill-php80/bootstrap.php on line 23
[14-Mar-2021 03:49:17 UTC] PHP Parse error:  syntax error, unexpected ':', expecting '{' in /home/adorukumgov/public_html/system/vendor/symfony/polyfill-php80/bootstrap.php on line 23
[14-Mar-2021 04:09:43 UTC] PHP Parse error:  syntax error, unexpected ':', expecting '{' in /home/adorukumgov/public_html/system/vendor/symfony/polyfill-php80/bootstrap.php on line 23
[14-Mar-2021 04:54:11 UTC] PHP Parse error:  syntax error, unexpected ':', expecting '{' in /home/adorukumgov/public_html/system/vendor/symfony/polyfill-php80/bootstrap.php on line 23
[14-Mar-2021 04:54:12 UTC] PHP Parse error:  syntax error, unexpected ':', expecting '{' in /home/adorukumgov/public_html/system/vendor/symfony/polyfill-php80/bootstrap.php on line 23
[14-Mar-2021 04:54:17 UTC] PHP Parse error:  syntax error, unexpected ':', expecting '{' in /home/adorukumgov/public_html/system/vendor/symfony/polyfill-php80/bootstrap.php on line 23
[14-Mar-2021 06:36:22 UTC] PHP Parse error:  syntax error, unexpected ':', expecting '{' in /home/adorukumgov/public_html/system/vendor/symfony/polyfill-php80/bootstrap.php on line 23
[14-Mar-2021 07:07:58 UTC] PHP Parse error:  syntax error, unexpected ':', expecting '{' in /home/adorukumgov/public_html/system/vendor/symfony/polyfill-php80/bootstrap.php on line 23
[14-Mar-2021 07:19:11 UTC] PHP Parse error:  syntax error, unexpected ':', expecting '{' in /home/adorukumgov/public_html/system/vendor/symfony/polyfill-php80/bootstrap.php on line 23
[14-Mar-2021 07:20:24 UTC] PHP Parse error:  syntax error, unexpected ':', expecting '{' in /home/adorukumgov/public_html/system/vendor/symfony/polyfill-php80/bootstrap.php on line 23
[14-Mar-2021 07:28:21 UTC] PHP Parse error:  syntax error, unexpected ':', expecting '{' in /home/adorukumgov/public_html/system/vendor/symfony/polyfill-php80/bootstrap.php on line 23
[14-Mar-2021 07:35:38 UTC] PHP Parse error:  syntax error, unexpected ':', expecting '{' in /home/adorukumgov/public_html/system/vendor/symfony/polyfill-php80/bootstrap.php on line 23
[14-Mar-2021 08:46:50 UTC] PHP Parse error:  syntax error, unexpected ':', expecting '{' in /home/adorukumgov/public_html/system/vendor/symfony/polyfill-php80/bootstrap.php on line 23
[14-Mar-2021 08:48:23 UTC] PHP Parse error:  syntax error, unexpected ':', expecting '{' in /home/adorukumgov/public_html/system/vendor/symfony/polyfill-php80/bootstrap.php on line 23
[30-Aug-2022 12:53:09 UTC] PHP Fatal error:  During inheritance of ArrayAccess: Uncaught ErrorException: Return type of Illuminate\Support\Collection::offsetExists($key) should either be compatible with ArrayAccess::offsetExists(mixed $offset): bool, or the #[\ReturnTypeWillChange] attribute should be used to temporarily suppress the notice in /home2/adorukumgov/public_html/website/system/vendor/laravel/framework/src/Illuminate/Support/Collection.php:1349
Stack trace:
#0 /home2/adorukumgov/public_html/website/system/vendor/laravel/framework/src/Illuminate/Support/Collection.php(11): Illuminate\Foundation\Bootstrap\HandleExceptions->handleError()
#1 /home2/adorukumgov/public_html/website/system/vendor/composer/ClassLoader.php(444): include('/home2/adorukum...')
#2 /home2/adorukumgov/public_html/website/system/vendor/composer/ClassLoader.php(322): Composer\Autoload\includeFile()
#3 /home2/adorukumgov/public_html/website/system/vendor/laravel/framework/src/Illuminate/Support/helpers.php(110): Composer\Autoload\ClassLoader->loadClass()
#4 /home2/adorukumgov/public_html/website/system/vendor/laravel/framework/src/Illuminate/Foundation/PackageManifest.php(89): collect()
#5 /home2/adorukumgov/public_html/website/system/vendor/laravel/framework/src/Illuminate/Foundation/PackageManifest.php(78): Illuminate\Foundation\PackageManifest->config()
#6 /home2/adorukumgov/public_html/website/system/vendor/laravel/framework/src/Illuminate/Foundation/Bootstrap/RegisterFacades.php(26): Illuminate\Foundation\PackageManifest->aliases()
#7 /home2/adorukumgov/public_html/website/system/vendor/laravel/framework/src/Illuminate/Foundation/Application.php(230): Illuminate\Foundation\Bootstrap\RegisterFacades->bootstrap()
#8 /home2/adorukumgov/public_html/website/system/vendor/laravel/framework/src/Illuminate/Foundation/Http/Kernel.php(151): Illuminate\Foundation\Application->bootstrapWith()
#9 /home2/adorukumgov/public_html/website/system/vendor/laravel/framework/src/Illuminate/Foundation/Http/Kernel.php(135): Illuminate\Foundation\Http\Kernel->bootstrap()
#10 /home2/adorukumgov/public_html/website/system/vendor/laravel/framework/src/Illuminate/Foundation/Http/Kernel.php(109): Illuminate\Foundation\Http\Kernel->sendRequestThroughRouter()
#11 /home2/adorukumgov/public_html/website/index.php(55): Illuminate\Foundation\Http\Kernel->handle()
#12 {main} in /home2/adorukumgov/public_html/website/system/vendor/laravel/framework/src/Illuminate/Support/Collection.php on line 11
[18-Jan-2023 23:20:52 UTC] PHP Fatal error:  During inheritance of ArrayAccess: Uncaught ErrorException: Return type of Illuminate\Support\Collection::offsetExists($key) should either be compatible with ArrayAccess::offsetExists(mixed $offset): bool, or the #[\ReturnTypeWillChange] attribute should be used to temporarily suppress the notice in /home2/adorukumgov/public_html/website/system/vendor/laravel/framework/src/Illuminate/Support/Collection.php:1349
Stack trace:
#0 /home2/adorukumgov/public_html/website/system/vendor/laravel/framework/src/Illuminate/Support/Collection.php(11): Illuminate\Foundation\Bootstrap\HandleExceptions->handleError()
#1 /home2/adorukumgov/public_html/website/system/vendor/composer/ClassLoader.php(444): include('/home2/adorukum...')
#2 /home2/adorukumgov/public_html/website/system/vendor/composer/ClassLoader.php(322): Composer\Autoload\includeFile()
#3 /home2/adorukumgov/public_html/website/system/vendor/laravel/framework/src/Illuminate/Support/helpers.php(110): Composer\Autoload\ClassLoader->loadClass()
#4 /home2/adorukumgov/public_html/website/system/vendor/laravel/framework/src/Illuminate/Foundation/PackageManifest.php(89): collect()
#5 /home2/adorukumgov/public_html/website/system/vendor/laravel/framework/src/Illuminate/Foundation/PackageManifest.php(78): Illuminate\Foundation\PackageManifest->config()
#6 /home2/adorukumgov/public_html/website/system/vendor/laravel/framework/src/Illuminate/Foundation/Bootstrap/RegisterFacades.php(26): Illuminate\Foundation\PackageManifest->aliases()
#7 /home2/adorukumgov/public_html/website/system/vendor/laravel/framework/src/Illuminate/Foundation/Application.php(230): Illuminate\Foundation\Bootstrap\RegisterFacades->bootstrap()
#8 /home2/adorukumgov/public_html/website/system/vendor/laravel/framework/src/Illuminate/Foundation/Http/Kernel.php(151): Illuminate\Foundation\Application->bootstrapWith()
#9 /home2/adorukumgov/public_html/website/system/vendor/laravel/framework/src/Illuminate/Foundation/Http/Kernel.php(135): Illuminate\Foundation\Http\Kernel->bootstrap()
#10 /home2/adorukumgov/public_html/website/system/vendor/laravel/framework/src/Illuminate/Foundation/Http/Kernel.php(109): Illuminate\Foundation\Http\Kernel->sendRequestThroughRouter()
#11 /home2/adorukumgov/public_html/website/index.php(55): Illuminate\Foundation\Http\Kernel->handle()
#12 {main} in /home2/adorukumgov/public_html/website/system/vendor/laravel/framework/src/Illuminate/Support/Collection.php on line 11
